<?xml version="1.0" encoding="UTF-8"?>
<!-- Generated by org.testng.reporters.JUnitXMLReporter -->
<testsuite ignored="3" hostname="BabuGNair" failures="0" tests="1" name="Test" time="18.721" errors="0" timestamp="2024-11-18T01:10:32 CET">
  <testcase classname="TestCases.TC001_AccountRegistrationPage" name="verify_account_registration" time="13.499"/>
  <testcase classname="TestCases.TC003LoginDDT" name="verify_loginDDT" time="0.0">
    <ignored/>
  </testcase> <!-- verify_loginDDT -->
  <testcase classname="TestCases.TC004ShoppingCart" name="verifyShoppingCart" time="0.0">
    <ignored/>
  </testcase> <!-- verifyShoppingCart -->
  <testcase classname="TestCases.TC002LoginTest" name="verify_login" time="0.0">
    <ignored/>
  </testcase> <!-- verify_login -->
</testsuite> <!-- Test -->
