<?xml version="1.0" encoding="UTF-8"?>
<testng-results ignored="0" total="1" passed="1" failed="0" skipped="0">
  <reporter-output>
  </reporter-output>
  <suite started-at="2024-11-18T01:36:02 CET" name="Suite" finished-at="2024-11-18T01:36:09 CET" duration-ms="7377">
    <groups>
      <group name="Regression">
        <method signature="TC002LoginTest.verify_login()[pri:0, instance:TestCases.TC002LoginTest@7a1234bf]" name="verify_login" class="TestCases.TC002LoginTest"/>
      </group> <!-- Regression -->
    </groups>
    <test started-at="2024-11-18T01:36:02 CET" name="Test" finished-at="2024-11-18T01:36:09 CET" duration-ms="7377">
      <class name="TestCases.TC002LoginTest">
        <test-method is-config="true" signature="setup(java.lang.String,java.lang.String)[pri:0, instance:TestCases.TC002LoginTest@7a1234bf]" started-at="2024-11-18T01:36:02 CET" name="setup" finished-at="2024-11-18T01:36:07 CET" duration-ms="5057" status="PASS">
          <params>
            <param index="0">
              <value>
                <![CDATA[windows]]>
              </value>
            </param>
            <param index="1">
              <value>
                <![CDATA[chrome]]>
              </value>
            </param>
          </params>
          <reporter-output>
          </reporter-output>
        </test-method> <!-- setup -->
        <test-method signature="verify_login()[pri:0, instance:TestCases.TC002LoginTest@7a1234bf]" started-at="2024-11-18T01:36:07 CET" name="verify_login" finished-at="2024-11-18T01:36:09 CET" duration-ms="2003" status="PASS">
          <reporter-output>
          </reporter-output>
        </test-method> <!-- verify_login -->
        <test-method is-config="true" signature="tearDown()[pri:0, instance:TestCases.TC002LoginTest@7a1234bf]" started-at="2024-11-18T01:36:09 CET" name="tearDown" finished-at="2024-11-18T01:36:09 CET" duration-ms="1" status="PASS">
          <reporter-output>
          </reporter-output>
        </test-method> <!-- tearDown -->
      </class> <!-- TestCases.TC002LoginTest -->
    </test> <!-- Test -->
  </suite> <!-- Suite -->
</testng-results>
